# JRE version: Java(TM) SE Runtime Environment (8.0_77-b03) (build 1.8.0_77-b03)
# Java VM: Java HotSpot(TM) 64-Bit Server VM (25.77-b03 mixed mode linux-amd64 compressed oops)
Heap:
 PSYoungGen      total 139776K, used 13769K [0x00000000eab00000, 0x00000000f9400000, 0x0000000100000000)
  eden space 120320K, 0% used [0x00000000eab00000,0x00000000eab00000,0x00000000f2080000)
  from space 19456K, 70% used [0x00000000f2080000,0x00000000f2df25d8,0x00000000f3380000)
  to   space 50176K, 0% used [0x00000000f6300000,0x00000000f6300000,0x00000000f9400000)
 ParOldGen       total 148992K, used 148930K [0x00000000c0000000, 0x00000000c9180000, 0x00000000eab00000)
  object space 148992K, 99% used [0x00000000c0000000,0x00000000c9170af0,0x00000000c9180000)
 Metaspace       used 6455K, capacity 7256K, committed 7424K, reserved 1056768K
  class space    used 613K, capacity 656K, committed 768K, reserved 1048576K
GC Heap History (10 events):
Event: 11.834 GC heap after
Heap after GC invocations=8 (full 0):
 PSYoungGen      total 135168K, used 14835K [0x00000000eab00000, 0x00000000f4b00000, 0x0000000100000000)
  eden space 120320K, 0% used [0x00000000eab00000,0x00000000eab00000,0x00000000f2080000)
  from space 14848K, 99% used [0x00000000f3380000,0x00000000f41fced8,0x00000000f4200000)
  to   space 19456K, 0% used [0x00000000f2080000,0x00000000f2080000,0x00000000f3380000)
 ParOldGen       total 42496K, used 20741K [0x00000000c0000000, 0x00000000c2980000, 0x00000000eab00000)
  object space 42496K, 48% used [0x00000000c0000000,0x00000000c14415b8,0x00000000c2980000)
 Metaspace       used 6130K, capacity 7000K, committed 7168K, reserved 1056768K
  class space    used 613K, capacity 656K, committed 768K, reserved 1048576K
}
Event: 18.032 GC heap before
{Heap before GC invocations=9 (full 0):
 PSYoungGen      total 135168K, used 135155K [0x00000000eab00000, 0x00000000f4b00000, 0x0000000100000000)
  eden space 120320K, 100% used [0x00000000eab00000,0x00000000f2080000,0x00000000f2080000)
  from space 14848K, 99% used [0x00000000f3380000,0x00000000f41fced8,0x00000000f4200000)
  to   space 19456K, 0% used [0x00000000f2080000,0x00000000f2080000,0x00000000f3380000)
 ParOldGen       total 42496K, used 20741K [0x00000000c0000000, 0x00000000c2980000, 0x00000000eab00000)
  object space 42496K, 48% used [0x00000000c0000000,0x00000000c14415b8,0x00000000c2980000)
 Metaspace       used 6419K, capacity 7256K, committed 7424K, reserved 1056768K
  class space    used 613K, capacity 656K, committed 768K, reserved 1048576K
Event: 18.487 GC heap after
Heap after GC invocations=9 (full 0):
 PSYoungGen      total 135168K, used 135155K [0x00000000eab00000, 0x00000000f4b00000, 0x0000000100000000)
  eden space 120320K, 100% used [0x00000000eab00000,0x00000000f2080000,0x00000000f2080000)
  from space 14848K, 99% used [0x00000000f3380000,0x00000000f41fced8,0x00000000f4200000)
  to   space 19456K, 99% used [0x00000000f2080000,0x00000000f337c198,0x00000000f3380000)
 ParOldGen       total 48128K, used 47686K [0x00000000c0000000, 0x00000000c2f00000, 0x00000000eab00000)
  object space 48128K, 99% used [0x00000000c0000000,0x00000000c2e91a60,0x00000000c2f00000)
 Metaspace       used 6419K, capacity 7256K, committed 7424K, reserved 1056768K
  class space    used 613K, capacity 656K, committed 768K, reserved 1048576K
}
Event: 18.487 GC heap before
{Heap before GC invocations=10 (full 1):
 PSYoungGen      total 135168K, used 135155K [0x00000000eab00000, 0x00000000f4b00000, 0x0000000100000000)
  eden space 120320K, 100% used [0x00000000eab00000,0x00000000f2080000,0x00000000f2080000)
  from space 14848K, 99% used [0x00000000f3380000,0x00000000f41fced8,0x00000000f4200000)
  to   space 19456K, 99% used [0x00000000f2080000,0x00000000f337c198,0x00000000f3380000)
 ParOldGen       total 48128K, used 47686K [0x00000000c0000000, 0x00000000c2f00000, 0x00000000eab00000)
  object space 48128K, 99% used [0x00000000c0000000,0x00000000c2e91a60,0x00000000c2f00000)
 Metaspace       used 6419K, capacity 7256K, committed 7424K, reserved 1056768K
  class space    used 613K, capacity 656K, committed 768K, reserved 1048576K
Event: 21.326 GC heap after
Heap after GC invocations=10 (full 1):
 PSYoungGen      total 135168K, used 0K [0x00000000eab00000, 0x00000000f4b00000, 0x0000000100000000)
  eden space 120320K, 0% used [0x00000000eab00000,0x00000000eab00000,0x00000000f2080000)
  from space 14848K, 0% used [0x00000000f3380000,0x00000000f3380000,0x00000000f4200000)
  to   space 19456K, 81% used [0x00000000f2080000,0x00000000f2ff36c0,0x00000000f3380000)
 ParOldGen       total 80896K, used 47867K [0x00000000c0000000, 0x00000000c4f00000, 0x00000000eab00000)
  object space 80896K, 59% used [0x00000000c0000000,0x00000000c2ebed40,0x00000000c4f00000)
 Metaspace       used 6419K, capacity 7256K, committed 7424K, reserved 1056768K
  class space    used 613K, capacity 656K, committed 768K, reserved 1048576K
}
Event: 26.732 GC heap before
{Heap before GC invocations=11 (full 2):
 PSYoungGen      total 135168K, used 120320K [0x00000000eab00000, 0x00000000f4b00000, 0x0000000100000000)
  eden space 120320K, 100% used [0x00000000eab00000,0x00000000f2080000,0x00000000f2080000)
  from space 14848K, 0% used [0x00000000f3380000,0x00000000f3380000,0x00000000f4200000)
  to   space 19456K, 81% used [0x00000000f2080000,0x00000000f2ff36c0,0x00000000f3380000)
 ParOldGen       total 80896K, used 47867K [0x00000000c0000000, 0x00000000c4f00000, 0x00000000eab00000)
  object space 80896K, 59% used [0x00000000c0000000,0x00000000c2ebed40,0x00000000c4f00000)
 Metaspace       used 6449K, capacity 7256K, committed 7424K, reserved 1056768K
  class space    used 613K, capacity 656K, committed 768K, reserved 1048576K
Event: 29.717 GC heap after
Heap after GC invocations=11 (full 2):
 PSYoungGen      total 135168K, used 38081K [0x00000000eab00000, 0x00000000f4b00000, 0x0000000100000000)
  eden space 120320K, 31% used [0x00000000eab00000,0x00000000ed0304d8,0x00000000f2080000)
  from space 14848K, 0% used [0x00000000f3380000,0x00000000f3380000,0x00000000f4200000)
  to   space 19456K, 0% used [0x00000000f2080000,0x00000000f2080000,0x00000000f3380000)
 ParOldGen       total 133632K, used 80723K [0x00000000c0000000, 0x00000000c8280000, 0x00000000eab00000)
  object space 133632K, 60% used [0x00000000c0000000,0x00000000c4ed4cc8,0x00000000c8280000)
 Metaspace       used 6449K, capacity 7256K, committed 7424K, reserved 1056768K
  class space    used 613K, capacity 656K, committed 768K, reserved 1048576K
}
Event: 30.001 GC heap before
{Heap before GC invocations=12 (full 2):
 PSYoungGen      total 135168K, used 120320K [0x00000000eab00000, 0x00000000f4b00000, 0x0000000100000000)
  eden space 120320K, 100% used [0x00000000eab00000,0x00000000f2080000,0x00000000f2080000)
  from space 14848K, 0% used [0x00000000f3380000,0x00000000f3380000,0x00000000f4200000)
  to   space 19456K, 0% used [0x00000000f2080000,0x00000000f2080000,0x00000000f3380000)
 ParOldGen       total 133632K, used 80723K [0x00000000c0000000, 0x00000000c8280000, 0x00000000eab00000)
  object space 133632K, 60% used [0x00000000c0000000,0x00000000c4ed4cc8,0x00000000c8280000)
 Metaspace       used 6455K, capacity 7256K, committed 7424K, reserved 1056768K
  class space    used 613K, capacity 656K, committed 768K, reserved 1048576K
Event: 30.815 GC heap after
Heap after GC invocations=12 (full 2):
 PSYoungGen      total 139776K, used 19443K [0x00000000eab00000, 0x00000000f9400000, 0x0000000100000000)
  eden space 120320K, 0% used [0x00000000eab00000,0x00000000eab00000,0x00000000f2080000)
  from space 19456K, 99% used [0x00000000f2080000,0x00000000f337cf80,0x00000000f3380000)
  to   space 50176K, 0% used [0x00000000f6300000,0x00000000f6300000,0x00000000f9400000)
 ParOldGen       total 148992K, used 148719K [0x00000000c0000000, 0x00000000c9180000, 0x00000000eab00000)
  object space 148992K, 99% used [0x00000000c0000000,0x00000000c913bcc8,0x00000000c9180000)
 Metaspace       used 6455K, capacity 7256K, committed 7424K, reserved 1056768K
  class space    used 613K, capacity 656K, committed 768K, reserved 1048576K
}
Event: 30.815 GC heap before
{Heap before GC invocations=13 (full 3):
 PSYoungGen      total 139776K, used 19443K [0x00000000eab00000, 0x00000000f9400000, 0x0000000100000000)
  eden space 120320K, 0% used [0x00000000eab00000,0x00000000eab00000,0x00000000f2080000)
  from space 19456K, 99% used [0x00000000f2080000,0x00000000f337cf80,0x00000000f3380000)
  to   space 50176K, 0% used [0x00000000f6300000,0x00000000f6300000,0x00000000f9400000)
 ParOldGen       total 148992K, used 148719K [0x00000000c0000000, 0x00000000c9180000, 0x00000000eab00000)
  object space 148992K, 99% used [0x00000000c0000000,0x00000000c913bcc8,0x00000000c9180000)
 Metaspace       used 6455K, capacity 7256K, committed 7424K, reserved 1056768K
  class space    used 613K, capacity 656K, committed 768K, reserved 1048576K

